#
# There is insufficient memory for the Java Runtime Environment to continue.
# Native memory allocation (malloc) failed to allocate 58912 bytes for Chunk::new
# Possible reasons:
#   The system is out of physical RAM or swap space
#   The process is running with CompressedOops enabled, and the Java Heap may be blocking the growth of the native heap
# Possible solutions:
#   Reduce memory load on the system
#   Increase physical memory or swap space
#   Check if swap backing store is full
#   Decrease Java heap size (-Xmx/-Xms)
#   Decrease number of Java threads
#   Decrease Java thread stack sizes (-Xss)
#   Set larger code cache with -XX:ReservedCodeCacheSize=
#   JVM is running with Unscaled Compressed Oops mode in which the Java heap is
#     placed in the first 4GB address space. The Java Heap base address is the
#     maximum limit for the native heap growth. Please use -XX:HeapBaseMinAddress
#     to set the Java Heap base and to place the Java Heap above 4GB virtual address.
# This output file may be truncated or incomplete.
#
#  Out of Memory Error (allocation.cpp:389), pid=17848, tid=0x0000000000004530
#
# JRE version: Java(TM) SE Runtime Environment (8.0_241-b07) (build 1.8.0_241-b07)
# Java VM: Java HotSpot(TM) 64-Bit Server VM (25.241-b07 mixed mode windows-amd64 compressed oops)
# Failed to write core dump. Minidumps are not enabled by default on client versions of Windows
#

---------------  T H R E A D  ---------------

Current thread (0x00000000172b8800):  JavaThread "C2 CompilerThread0" daemon [_thread_in_native, id=17712, stack(0x0000000018950000,0x0000000018a50000)]

Stack: [0x0000000018950000,0x0000000018a50000]
[error occurred during error reporting (printing stack bounds), id 0xc0000005]

Native frames: (J=compiled Java code, j=interpreted, Vv=VM code, C=native code)


Current CompileTask:
C2:   3737 1733       4       org.springframework.boot.context.properties.source.ConfigurationPropertyName$ElementsParser::parse (234 bytes)


---------------  P R O C E S S  ---------------

Java Threads: ( => current thread )
  0x000000001b5bb800 JavaThread "background-preinit" [_thread_in_Java, id=1120, stack(0x000000001c480000,0x000000001c580000)]
  0x0000000018dec800 JavaThread "surefire-forkedjvm-ping-30s" daemon [_thread_in_native, id=6128, stack(0x0000000019350000,0x0000000019450000)]
  0x0000000018d9f000 JavaThread "surefire-forkedjvm-command-thread" daemon [_thread_in_native, id=15532, stack(0x0000000019250000,0x0000000019350000)]
  0x0000000018c80800 JavaThread "Service Thread" daemon [_thread_blocked, id=9824, stack(0x0000000019050000,0x0000000019150000)]
  0x00000000172cf000 JavaThread "C1 CompilerThread2" daemon [_thread_blocked, id=16956, stack(0x0000000018b50000,0x0000000018c50000)]
  0x00000000172c1000 JavaThread "C2 CompilerThread1" daemon [_thread_in_native, id=9808, stack(0x0000000018a50000,0x0000000018b50000)]
=>0x00000000172b8800 JavaThread "C2 CompilerThread0" daemon [_thread_in_native, id=17712, stack(0x0000000018950000,0x0000000018a50000)]
  0x00000000172b7000 JavaThread "Attach Listener" daemon [_thread_blocked, id=10680, stack(0x0000000018850000,0x0000000018950000)]
  0x00000000172b5800 JavaThread "Signal Dispatcher" daemon [_thread_blocked, id=10676, stack(0x0000000018750000,0x0000000018850000)]
  0x00000000027ed000 JavaThread "Finalizer" daemon [_thread_blocked, id=6576, stack(0x0000000018520000,0x0000000018620000)]
  0x00000000027e2000 JavaThread "Reference Handler" daemon [_thread_blocked, id=4508, stack(0x0000000018420000,0x0000000018520000)]
  0x00000000026f2800 JavaThread "main" [_thread_in_Java, id=6500, stack(0x00000000025f0000,0x00000000026f0000)]

Other Threads:
  0x0000000017277000 VMThread [stack: 0x0000000018320000,0x0000000018420000] [id=18336]
  0x000000001730d000 WatcherThread [stack: 0x0000000019150000,0x0000000019250000] [id=13820]

VM state:not at safepoint (normal execution)

VM Mutex/Monitor currently owned by a thread: None

heap address: 0x0000000082400000, size: 2012 MB, Compressed Oops mode: 32-bit
Narrow klass base: 0x0000000000000000, Narrow klass shift: 3
Compressed class space size: 1073741824 Address: 0x0000000100000000

Heap:
 PSYoungGen      total 70656K, used 60229K [0x00000000d6180000, 0x00000000dab80000, 0x0000000100000000)
  eden space 65536K, 84% used [0x00000000d6180000,0x00000000d9753c10,0x00000000da180000)
  from space 5120K, 99% used [0x00000000da680000,0x00000000dab7d9e0,0x00000000dab80000)
  to   space 5120K, 0% used [0x00000000da180000,0x00000000da180000,0x00000000da680000)
 ParOldGen       total 86016K, used 56K [0x0000000082400000, 0x0000000087800000, 0x00000000d6180000)
  object space 86016K, 0% used [0x0000000082400000,0x000000008240e1f0,0x0000000087800000)
 Metaspace       used 17257K, capacity 18748K, committed 19072K, reserved 1064960K
  class space    used 2292K, capacity 2568K, committed 2688K, reserved 1048576K

Card table byte_map: [0x0000000011bb0000,0x0000000011fa0000] byte_map_base: 0x000000001179e000

Marking Bits: (ParMarkBitMap*) 0x00000000645abe30
 Begin Bits: [0x0000000012640000, 0x00000000145b0000)
 End Bits:   [0x00000000145b0000, 0x0000000016520000)

Polling page: 0x0000000000c70000

CodeCache: size=245760Kb used=5835Kb max_used=5835Kb free=239924Kb
 bounds [0x00000000027f0000, 0x0000000002db0000, 0x00000000117f0000]
 total_blobs=2108 nmethods=1745 adapters=275
 compilation: enabled

Compilation events (10 events):
Event: 3.728 Thread 0x00000000172cf000 1746       3       java.lang.CharSequence$1CharIterator::hasNext (22 bytes)
Event: 3.728 Thread 0x00000000172cf000 nmethod 1746 0x0000000002da4010 code [0x0000000002da4180, 0x0000000002da4408]
Event: 3.729 Thread 0x00000000172cf000 1747       3       java.util.stream.Sink::end (1 bytes)
Event: 3.729 Thread 0x00000000172cf000 nmethod 1747 0x0000000002da44d0 code [0x0000000002da4620, 0x0000000002da4770]
Event: 3.729 Thread 0x00000000172cf000 1748       3       java.util.stream.Sink::begin (1 bytes)
Event: 3.729 Thread 0x00000000172cf000 nmethod 1748 0x0000000002da47d0 code [0x0000000002da4920, 0x0000000002da4a70]
Event: 3.730 Thread 0x00000000172cf000 1749       3       java.lang.invoke.LambdaForm$MH/2094777811::linkToTargetMethod (10 bytes)
Event: 3.730 Thread 0x00000000172cf000 nmethod 1749 0x0000000002da4ad0 code [0x0000000002da4c40, 0x0000000002da5138]
Event: 3.730 Thread 0x00000000172cf000 1750       3       java.util.stream.AbstractPipeline::wrapSink (37 bytes)
Event: 3.731 Thread 0x00000000172cf000 nmethod 1750 0x0000000002da5210 code [0x0000000002da53a0, 0x0000000002da57d8]

GC Heap History (4 events):
Event: 1.549 GC heap before
{Heap before GC invocations=1 (full 0):
 PSYoungGen      total 37888K, used 32768K [0x00000000d6180000, 0x00000000d8b80000, 0x0000000100000000)
  eden space 32768K, 100% used [0x00000000d6180000,0x00000000d8180000,0x00000000d8180000)
  from space 5120K, 0% used [0x00000000d8680000,0x00000000d8680000,0x00000000d8b80000)
  to   space 5120K, 0% used [0x00000000d8180000,0x00000000d8180000,0x00000000d8680000)
 ParOldGen       total 86016K, used 0K [0x0000000082400000, 0x0000000087800000, 0x00000000d6180000)
  object space 86016K, 0% used [0x0000000082400000,0x0000000082400000,0x0000000087800000)
 Metaspace       used 8723K, capacity 9346K, committed 9472K, reserved 1056768K
  class space    used 1064K, capacity 1195K, committed 1280K, reserved 1048576K
Event: 1.568 GC heap after
Heap after GC invocations=1 (full 0):
 PSYoungGen      total 37888K, used 4461K [0x00000000d6180000, 0x00000000dab80000, 0x0000000100000000)
  eden space 32768K, 0% used [0x00000000d6180000,0x00000000d6180000,0x00000000d8180000)
  from space 5120K, 87% used [0x00000000d8180000,0x00000000d85db588,0x00000000d8680000)
  to   space 5120K, 0% used [0x00000000da680000,0x00000000da680000,0x00000000dab80000)
 ParOldGen       total 86016K, used 8K [0x0000000082400000, 0x0000000087800000, 0x00000000d6180000)
  object space 86016K, 0% used [0x0000000082400000,0x0000000082402000,0x0000000087800000)
 Metaspace       used 8723K, capacity 9346K, committed 9472K, reserved 1056768K
  class space    used 1064K, capacity 1195K, committed 1280K, reserved 1048576K
}
Event: 2.371 GC heap before
{Heap before GC invocations=2 (full 0):
 PSYoungGen      total 37888K, used 37229K [0x00000000d6180000, 0x00000000dab80000, 0x0000000100000000)
  eden space 32768K, 100% used [0x00000000d6180000,0x00000000d8180000,0x00000000d8180000)
  from space 5120K, 87% used [0x00000000d8180000,0x00000000d85db588,0x00000000d8680000)
  to   space 5120K, 0% used [0x00000000da680000,0x00000000da680000,0x00000000dab80000)
 ParOldGen       total 86016K, used 8K [0x0000000082400000, 0x0000000087800000, 0x00000000d6180000)
  object space 86016K, 0% used [0x0000000082400000,0x0000000082402000,0x0000000087800000)
 Metaspace       used 11933K, capacity 12936K, committed 13056K, reserved 1060864K
  class space    used 1491K, capacity 1700K, committed 1792K, reserved 1048576K
Event: 2.393 GC heap after
Heap after GC invocations=2 (full 0):
 PSYoungGen      total 70656K, used 5110K [0x00000000d6180000, 0x00000000dab80000, 0x0000000100000000)
  eden space 65536K, 0% used [0x00000000d6180000,0x00000000d6180000,0x00000000da180000)
  from space 5120K, 99% used [0x00000000da680000,0x00000000dab7d9e0,0x00000000dab80000)
  to   space 5120K, 0% used [0x00000000da180000,0x00000000da180000,0x00000000da680000)
 ParOldGen       total 86016K, used 56K [0x0000000082400000, 0x0000000087800000, 0x00000000d6180000)
  object space 86016K, 0% used [0x0000000082400000,0x000000008240e1f0,0x0000000087800000)
 Metaspace       used 11933K, capacity 12936K, committed 13056K, reserved 1060864K
  class space    used 1491K, capacity 1700K, committed 1792K, reserved 1048576K
}

Deoptimization events (10 events):
Event: 3.188 Thread 0x00000000026f2800 Uncommon trap: reason=class_check action=maybe_recompile pc=0x0000000002c3c9e0 method=java.util.regex.Matcher.match(II)Z @ 86
Event: 3.207 Thread 0x00000000026f2800 Uncommon trap: reason=class_check action=maybe_recompile pc=0x0000000002c3c9e0 method=java.util.regex.Matcher.match(II)Z @ 86
Event: 3.209 Thread 0x00000000026f2800 Uncommon trap: reason=class_check action=maybe_recompile pc=0x0000000002c3c9e0 method=java.util.regex.Matcher.match(II)Z @ 86
Event: 3.210 Thread 0x00000000026f2800 Uncommon trap: reason=class_check action=maybe_recompile pc=0x0000000002c3c9e0 method=java.util.regex.Matcher.match(II)Z @ 86
Event: 3.622 Thread 0x00000000026f2800 Uncommon trap: reason=class_check action=maybe_recompile pc=0x0000000002d71424 method=java.util.regex.Pattern$Slice.match(Ljava/util/regex/Matcher;ILjava/lang/CharSequence;)Z @ 75
Event: 3.623 Thread 0x00000000026f2800 Uncommon trap: reason=class_check action=maybe_recompile pc=0x0000000002d71424 method=java.util.regex.Pattern$Slice.match(Ljava/util/regex/Matcher;ILjava/lang/CharSequence;)Z @ 75
Event: 3.700 Thread 0x00000000026f2800 Uncommon trap: reason=class_check action=maybe_recompile pc=0x0000000002ce2344 method=org.springframework.boot.context.properties.source.ConfigurationPropertyName$Elements.charAt(II)C @ 43
Event: 3.700 Thread 0x00000000026f2800 Uncommon trap: reason=class_check action=maybe_recompile pc=0x0000000002ce2344 method=org.springframework.boot.context.properties.source.ConfigurationPropertyName$Elements.charAt(II)C @ 43
Event: 3.700 Thread 0x00000000026f2800 Uncommon trap: reason=class_check action=maybe_recompile pc=0x0000000002ce2344 method=org.springframework.boot.context.properties.source.ConfigurationPropertyName$Elements.charAt(II)C @ 43
Event: 3.700 Thread 0x00000000026f2800 Uncommon trap: reason=class_check action=maybe_recompile pc=0x0000000002ce2344 method=org.springframework.boot.context.properties.source.ConfigurationPropertyName$Elements.charAt(II)C @ 43

Classes redefined (0 events):
No events

Internal exceptions (10 events):
Event: 2.589 Thread 0x00000000026f2800 Exception <a 'java/lang/ArrayIndexOutOfBoundsException': 18> (0x00000000d6a49aa8) thrown at [C:\ade\jenkins\workspace\8-2-build-windows-amd64-cygwin\jdk8u241\331\hotspot\src\share\vm\interpreter\interpreterRuntime.cpp, line 368]
Event: 2.589 Thread 0x00000000026f2800 Exception <a 'java/lang/ArrayIndexOutOfBoundsException': 182> (0x00000000d6a4b9b0) thrown at [C:\ade\jenkins\workspace\8-2-build-windows-amd64-cygwin\jdk8u241\331\hotspot\src\share\vm\interpreter\interpreterRuntime.cpp, line 368]
Event: 2.589 Thread 0x00000000026f2800 Exception <a 'java/lang/ArrayIndexOutOfBoundsException': 60> (0x00000000d6a4cfe0) thrown at [C:\ade\jenkins\workspace\8-2-build-windows-amd64-cygwin\jdk8u241\331\hotspot\src\share\vm\interpreter\interpreterRuntime.cpp, line 368]
Event: 2.823 Thread 0x00000000026f2800 Exception <a 'java/lang/IncompatibleClassChangeError': Found class java.lang.Object, but interface was expected> (0x00000000d79df078) thrown at [C:\ade\jenkins\workspace\8-2-build-windows-amd64-cygwin\jdk8u241\331\hotspot\src\share\vm\interpreter\linkReso
Event: 2.857 Thread 0x00000000026f2800 Exception <a 'java/lang/NoSuchMethodError': java.lang.Object.lambda$static$0(Lorg/springframework/boot/WebApplicationType;)Lorg/springframework/context/ConfigurableApplicationContext;> (0x00000000d7b098e8) thrown at [C:\ade\jenkins\workspace\8-2-build-win
Event: 2.993 Thread 0x00000000026f2800 Exception <a 'java/lang/NoSuchMethodError': java.lang.Object.lambda$fromSpringFactories$0(Ljava/lang/ClassLoader;)Ljava/util/List;> (0x00000000d7f958c8) thrown at [C:\ade\jenkins\workspace\8-2-build-windows-amd64-cygwin\jdk8u241\331\hotspot\src\share\vm\i
Event: 3.019 Thread 0x00000000026f2800 Exception <a 'java/lang/IncompatibleClassChangeError': Found class java.lang.Object, but interface was expected> (0x00000000d8192b48) thrown at [C:\ade\jenkins\workspace\8-2-build-windows-amd64-cygwin\jdk8u241\331\hotspot\src\share\vm\interpreter\linkReso
Event: 3.069 Thread 0x00000000026f2800 Exception <a 'java/lang/NoSuchMethodError': java.lang.Object.lambda$or$2(Ljava/util/function/BiPredicate;Ljava/lang/Object;Ljava/lang/Object;)Z> (0x00000000d82a6b10) thrown at [C:\ade\jenkins\workspace\8-2-build-windows-amd64-cygwin\jdk8u241\331\hotspot\s
Event: 3.081 Thread 0x00000000026f2800 Exception <a 'java/lang/NoSuchMethodError': java.lang.Object.lambda$chars$0()Ljava/util/Spliterator$OfInt;> (0x00000000d82ba2b0) thrown at [C:\ade\jenkins\workspace\8-2-build-windows-amd64-cygwin\jdk8u241\331\hotspot\src\share\vm\interpreter\linkResolver.
Event: 3.184 Thread 0x00000000026f2800 Exception <a 'java/lang/NoSuchMethodError': java.lang.Object.lambda$from$1(Ljava/util/function/Supplier;Lorg/springframework/boot/BootstrapContext;)Ljava/lang/Object;> (0x00000000d866a710) thrown at [C:\ade\jenkins\workspace\8-2-build-windows-amd64-cygwin

Events (10 events):
Event: 3.718 loading class org/hibernate/validator/internal/util/logging/LoggerFactory
Event: 3.718 loading class org/hibernate/validator/internal/util/logging/LoggerFactory done
Event: 3.719 loading class org/hibernate/validator/internal/util/logging/Log
Event: 3.719 loading class org/hibernate/validator/internal/util/logging/Log done
Event: 3.732 loading class org/springframework/boot/SpringApplicationBannerPrinter
Event: 3.732 loading class org/springframework/boot/SpringApplicationBannerPrinter done
Event: 3.733 loading class org/springframework/boot/SpringBootBanner
Event: 3.733 loading class org/springframework/boot/SpringBootBanner done
Event: 3.735 loading class org/springframework/boot/SpringApplicationBannerPrinter$Banners
Event: 3.735 loading class org/springframework/boot/SpringApplicationBannerPrinter$Banners done


Dynamic libraries:
0x00007ff7d7ba0000 - 0x00007ff7d7bd7000 	C:\Program Files\Java\jdk1.8.0_241\jre\bin\java.exe
0x00007ffb9e870000 - 0x00007ffb9ea64000 	C:\Windows\SYSTEM32\ntdll.dll
0x00007ffb9d3e0000 - 0x00007ffb9d49d000 	C:\Windows\System32\KERNEL32.DLL
0x00007ffb9c460000 - 0x00007ffb9c727000 	C:\Windows\System32\KERNELBASE.dll
0x00007ffb9d330000 - 0x00007ffb9d3da000 	C:\Windows\System32\ADVAPI32.dll
0x00007ffb9ced0000 - 0x00007ffb9cf6e000 	C:\Windows\System32\msvcrt.dll
0x00007ffb9d190000 - 0x00007ffb9d22b000 	C:\Windows\System32\sechost.dll
0x00007ffb9e230000 - 0x00007ffb9e353000 	C:\Windows\System32\RPCRT4.dll
0x00007ffb9c8e0000 - 0x00007ffb9ca80000 	C:\Windows\System32\USER32.dll
0x00007ffb9c060000 - 0x00007ffb9c082000 	C:\Windows\System32\win32u.dll
0x00007ffb9de40000 - 0x00007ffb9de6a000 	C:\Windows\System32\GDI32.dll
0x00007ffb9c350000 - 0x00007ffb9c45a000 	C:\Windows\System32\gdi32full.dll
0x00007ffb9bfc0000 - 0x00007ffb9c05d000 	C:\Windows\System32\msvcp_win.dll
0x00007ffb9c090000 - 0x00007ffb9c190000 	C:\Windows\System32\ucrtbase.dll
0x00007ffb897a0000 - 0x00007ffb89a3a000 	C:\Windows\WinSxS\amd64_microsoft.windows.common-controls_6595b64144ccf1df_6.0.19041.1_none_b555e41d4684ddec\COMCTL32.dll
0x00007ffb9d080000 - 0x00007ffb9d0b0000 	C:\Windows\System32\IMM32.DLL
0x0000000065490000 - 0x0000000065562000 	C:\Program Files\Java\jdk1.8.0_241\jre\bin\msvcr100.dll
0x0000000063d80000 - 0x000000006462c000 	C:\Program Files\Java\jdk1.8.0_241\jre\bin\server\jvm.dll
0x00007ffb9cec0000 - 0x00007ffb9cec8000 	C:\Windows\System32\PSAPI.DLL
0x00007ffb8bda0000 - 0x00007ffb8bdc7000 	C:\Windows\SYSTEM32\WINMM.dll
0x00007ffb8de10000 - 0x00007ffb8de1a000 	C:\Windows\SYSTEM32\VERSION.dll
0x00007ffb86270000 - 0x00007ffb86279000 	C:\Windows\SYSTEM32\WSOCK32.dll
0x00007ffb9d560000 - 0x00007ffb9d5cb000 	C:\Windows\System32\WS2_32.dll
0x00007ffb97c60000 - 0x00007ffb97c6f000 	C:\Program Files\Java\jdk1.8.0_241\jre\bin\verify.dll
0x00007ffb96b00000 - 0x00007ffb96b29000 	C:\Program Files\Java\jdk1.8.0_241\jre\bin\java.dll
0x00007ffb7f670000 - 0x00007ffb7f686000 	C:\Program Files\Java\jdk1.8.0_241\jre\bin\zip.dll
0x00007ffb9d5d0000 - 0x00007ffb9dd05000 	C:\Windows\System32\SHELL32.dll
0x00007ffb9a150000 - 0x00007ffb9a8df000 	C:\Windows\SYSTEM32\windows.storage.dll
0x00007ffb9cb00000 - 0x00007ffb9ce53000 	C:\Windows\System32\combase.dll
0x00007ffb9b970000 - 0x00007ffb9b99b000 	C:\Windows\SYSTEM32\Wldp.dll
0x00007ffb9cf70000 - 0x00007ffb9d01e000 	C:\Windows\System32\SHCORE.dll
0x00007ffb9d020000 - 0x00007ffb9d075000 	C:\Windows\System32\shlwapi.dll
0x00007ffb9bf00000 - 0x00007ffb9bf1f000 	C:\Windows\SYSTEM32\profapi.dll
0x00007ffb969c0000 - 0x00007ffb969cd000 	C:\Program Files\Java\jdk1.8.0_241\jre\bin\management.dll
0x00007ffb7ea70000 - 0x00007ffb7ea8a000 	C:\Program Files\Java\jdk1.8.0_241\jre\bin\net.dll
0x00007ffb9b6f0000 - 0x00007ffb9b75a000 	C:\Windows\system32\mswsock.dll
0x00007ffb7d230000 - 0x00007ffb7d242000 	C:\Program Files\Java\jdk1.8.0_241\jre\bin\nio.dll
0x00007ffb7daa0000 - 0x00007ffb7dab7000 	C:\Windows\system32\napinsp.dll
0x00007ffb7c450000 - 0x00007ffb7c46b000 	C:\Windows\system32\pnrpnsp.dll
0x00007ffb95f40000 - 0x00007ffb95f55000 	C:\Windows\system32\wshbth.dll
0x00007ffb97ad0000 - 0x00007ffb97aed000 	C:\Windows\system32\NLAapi.dll
0x00007ffb9b3e0000 - 0x00007ffb9b41b000 	C:\Windows\SYSTEM32\IPHLPAPI.DLL
0x00007ffb9b420000 - 0x00007ffb9b4ea000 	C:\Windows\SYSTEM32\DNSAPI.dll
0x00007ffb9d180000 - 0x00007ffb9d189000 	C:\Windows\System32\NSI.dll
0x00007ffb7bae0000 - 0x00007ffb7baf2000 	C:\Windows\System32\winrnr.dll
0x00007ffb8ac70000 - 0x00007ffb8ac7a000 	C:\Windows\System32\rasadhlp.dll
0x00007ffb8b570000 - 0x00007ffb8b5ef000 	C:\Windows\System32\fwpuclnt.dll
0x00007ffb9c2a0000 - 0x00007ffb9c2c7000 	C:\Windows\System32\bcrypt.dll

VM Arguments:
java_command: C:\Users\Usuario\AppData\Local\Temp\surefire5021910069189131704\surefirebooter8007158250965003306.jar C:\Users\Usuario\AppData\Local\Temp\surefire5021910069189131704 2022-01-05T13-42-43_507-jvmRun1 surefire6261697647857482608tmp surefire_08596091183637277520tmp
java_class_path (initial): C:\Users\Usuario\AppData\Local\Temp\surefire5021910069189131704\surefirebooter8007158250965003306.jar
Launcher Type: SUN_STANDARD

Environment Variables:
JAVA_HOME=C:\Program Files\Java\jdk1.8.0_241
PATH=C:/desarrollo/IDEs/eclipse//plugins/org.eclipse.justj.openjdk.hotspot.jre.full.win32.x86_64_15.0.1.v20201027-0507/jre/bin/server;C:/desarrollo/IDEs/eclipse//plugins/org.eclipse.justj.openjdk.hotspot.jre.full.win32.x86_64_15.0.1.v20201027-0507/jre/bin;C:\Program Files\Common Files\Oracle\Java\javapath;C:\Program Files (x86)\Intel\Intel(R) Management Engine Components\iCLS\;C:\Program Files\Intel\Intel(R) Management Engine Components\iCLS\;C:\Program Files (x86)\Common Files\Oracle\Java\javapath;C:\Windows\system32;C:\Windows;C:\Windows\System32\Wbem;C:\Windows\System32\WindowsPowerShell\v1.0\;C:\Windows\System32\OpenSSH\;C:\Program Files (x86)\Intel\Intel(R) Management Engine Components\DAL;C:\Program Files\Intel\Intel(R) Management Engine Components\DAL;C:\Program Files (x86)\Intel\Intel(R) Management Engine Components\IPT;C:\Program Files\Intel\Intel(R) Management Engine Components\IPT;C:\Program Files\PuTTY\;C:\Program Files\nodejs\;C:\Program Files\Java\jdk1.8.0_241\bin;C:\Users\Usuario\AppData\Local\Microsoft\WindowsApps;;C:\Users\Usuario\AppData\Local\Programs\Microsoft VS Code\bin;C:\Users\Usuario\AppData\Roaming\npm;C:\desarrollo\IDEs\eclipse;
USERNAME=Usuario
OS=Windows_NT
PROCESSOR_IDENTIFIER=Intel64 Family 6 Model 78 Stepping 3, GenuineIntel



---------------  S Y S T E M  ---------------

OS: Windows 10.0 , 64 bit Build 19041 (10.0.19041.292)

CPU:total 4 (initial active 4) (2 cores per cpu, 2 threads per core) family 6 model 78 stepping 3, cmov, cx8, fxsr, mmx, sse, sse2, sse3, ssse3, sse4.1, sse4.2, popcnt, avx, avx2, aes, clmul, erms, 3dnowpref, lzcnt, ht, tsc, tscinvbit, bmi1, bmi2, adx

Memory: 4k page, physical 8238864k(420972k free), swap 12859152k(3332k free)

vm_info: Java HotSpot(TM) 64-Bit Server VM (25.241-b07) for windows-amd64 JRE (1.8.0_241-b07), built on Dec 11 2019 10:21:40 by "rejava" with MS VC++ 10.0 (VS2010)

time: Wed Jan 05 13:42:47 2022
timezone: Hora est. Pacífico, Sudamérica
elapsed time: 3 seconds (0d 0h 0m 3s)

